<?xml version="1.0" encoding="UTF-8"?>
<!-- Generated by org.testng.reporters.JUnitReportReporter -->
<testsuite name="newDemo.TestDemo" tests="1" time="0.040" ignored="0" failures="0" timestamp="16 Oct 2021 15:39:14 GMT" skipped="0" hostname="DESKTOP-J71GJ2U" errors="0">
  <testcase name="twoDimensionalArray" time="0.040" classname="newDemo.TestDemo"/>
</testsuite> <!-- newDemo.TestDemo -->
