<?xml version="1.0" encoding="UTF-8"?>
<!-- Generated by org.testng.reporters.JUnitReportReporter -->
<testsuite name="testingDemo.Testing" tests="2" time="0.019" ignored="0" failures="0" timestamp="16 Oct 2021 15:17:49 GMT" skipped="0" hostname="DESKTOP-J71GJ2U" errors="0">
  <testcase name="testBrowserLaunch" time="0.010" classname="testingDemo.Testing"/>
  <testcase name="provideLoginDetails" time="0.009" classname="testingDemo.Testing"/>
</testsuite> <!-- testingDemo.Testing -->
