<?xml version="1.0" encoding="UTF-8"?>
<!-- Generated by org.testng.reporters.JUnitReportReporter -->
<testsuite name="pageTest.TestClass" tests="1" time="4.776" ignored="0" failures="0" timestamp="31 Oct 2021 15:29:00 GMT" skipped="0" hostname="DESKTOP-J71GJ2U" errors="0">
  <testcase name="indexPageTest" time="4.776" classname="pageTest.TestClass"/>
</testsuite> <!-- pageTest.TestClass -->
